{"status": "failed", "uuid": "e02148e1-6b87-405d-baf8-44299210bcd6", "name": "test_01", "labels": [{"name": "severity", "value": "blocker"}, {"name": "suite", "value": "test_tianqi"}, {"name": "subSuite", "value": "Test_Tq"}, {"name": "parentSuite", "value": "script"}, {"name": "host", "value": "OR6SDGTPE0V76A4"}, {"name": "thread", "value": "8080-MainThread"}, {"name": "framework", "value": "pytest"}, {"name": "language", "value": "cpython3"}, {"name": "package", "value": "script.test_tianqi"}], "fullName": "script.test_tianqi.Test_Tq#test_01", "steps": [{"status": "failed", "name": "天气接口测试", "attachments": [{"source": "c2e80d2e-6918-4ff0-88c7-b119bba96062-attachment.attach"}], "stop": 1566436123384, "statusDetails": {"trace": "  File \"c:\\users\\administrator\\pycharmprojects\\untitled\\venv\\lib\\site-packages\\allure_commons\\_allure.py\", line 157, in impl\n    return func(*a, **kw)\n  File \"C:\\Users\\Administrator\\PycharmProjects\\untitled\\Test_Allure\\script\\test_tianqi.py\", line 19, in test_01\n    assert r[\"error_code\"] == int(i[\"exp\"])\n", "message": "AssertionError: assert 0 == 1\n +  where 1 = int('1')\n"}, "start": 1566436123154}], "stop": 1566436123384, "statusDetails": {"trace": "self = <Test_Allure.script.test_tianqi.Test_Tq object at 0x00000000042E0D68>\n\n    @allure.step(title=\"天气接口测试\")\n    @allure.severity('blocker')\n    def test_01(self):\n        allure.attach(\"相应的描述\")\n        res = Read_Ex()\n        data = res.read_excel()\n        for i in data:\n            url = \"http://v.juhe.cn/weather/index\"\n            para = {\"cityname\":i[\"cityname\"], \"key\":i[\"key\"]}\n            res = requests.get(url, params=para)\n            r = res.json()\n>           assert r[\"error_code\"] == int(i[\"exp\"])\nE           AssertionError: assert 0 == 1\nE            +  where 1 = int('1')\n\nscript\\test_tianqi.py:19: AssertionError", "message": "AssertionError: assert 0 == 1\n +  where 1 = int('1')"}, "historyId": "c4d2e9a0f9552e751ace6a9430fb2bc1", "start": 1566436123154}